<?xml version="1.0" encoding="UTF-8"?>
<!-- Generated by org.testng.reporters.JUnitReportReporter -->
<testsuite skipped="0" hostname="DESKTOP-DSGFKSP" name="facebook.web.user.Validate" tests="1" failures="0" timestamp="25 thg 9 2022 19:55:03 GMT" time="0.005" errors="0">
  <testcase name="f" time="0.005" classname="facebook.web.user.Validate"/>
</testsuite> <!-- facebook.web.user.Validate -->
