<?xml version="1.0" encoding="UTF-8"?>
<!-- Generated by org.testng.reporters.JUnitReportReporter -->
<testsuite skipped="0" hostname="DESKTOP-DSGFKSP" name="facebook.web.user.Validate" tests="1" failures="0" timestamp="22 thg 9 2022 14:26:39 GMT" time="0.004" errors="0">
  <testcase name="f" time="0.004" classname="facebook.web.user.Validate"/>
</testsuite> <!-- facebook.web.user.Validate -->
