<?xml version="1.0" encoding="UTF-8"?>
<!-- Generated by org.testng.reporters.JUnitReportReporter -->
<testsuite skipped="0" hostname="DESKTOP-DSGFKSP" name="facebook.web.user.Login" tests="5" failures="0" timestamp="25 thg 9 2022 19:55:49 GMT" time="0.010" errors="0">
  <testcase name="Login_04_IncorrectPass" time="0.001" classname="facebook.web.user.Login"/>
  <testcase name="Login_02_IncorrectEmail" time="0.003" classname="facebook.web.user.Login"/>
  <testcase name="Login_04_ValidEmailAndPass" time="0.001" classname="facebook.web.user.Login"/>
  <testcase name="Login_03_InvalidPass" time="0.002" classname="facebook.web.user.Login"/>
  <testcase name="Login_01_InvalidEmail" time="0.003" classname="facebook.web.user.Login"/>
</testsuite> <!-- facebook.web.user.Login -->
